data.aws_eks_cluster_auth.eks_cluster: Reading...
data.aws_eks_cluster.eks_cluster: Reading...
data.aws_eks_cluster_auth.eks_cluster: Read complete after 0s [id=my-eks-cluster-v2]
data.aws_eks_cluster.eks_cluster: Read complete after 1s [id=my-eks-cluster-v2]

Terraform used the selected providers to generate the following execution
plan. Resource actions are indicated with the following symbols:
  + create

Terraform will perform the following actions:

  # helm_release.monitoring will be created
  + resource "helm_release" "monitoring" {
      + atomic                     = false
      + chart                      = "kube-prometheus-stack"
      + cleanup_on_fail            = false
      + create_namespace           = false
      + dependency_update          = false
      + disable_crd_hooks          = false
      + disable_openapi_validation = false
      + disable_webhooks           = false
      + force_update               = false
      + id                         = (known after apply)
      + lint                       = false
      + manifest                   = (known after apply)
      + max_history                = 0
      + metadata                   = (known after apply)
      + name                       = "monitoring"
      + namespace                  = "default"
      + pass_credentials           = false
      + recreate_pods              = false
      + render_subchart_notes      = true
      + replace                    = false
      + repository                 = "https://prometheus-community.github.io/helm-charts"
      + reset_values               = false
      + reuse_values               = false
      + skip_crds                  = false
      + status                     = "deployed"
      + timeout                    = 300
      + verify                     = false
      + version                    = "57.1.1"
      + wait                       = true
      + wait_for_jobs              = false

      + set {
          + name  = "prometheus.prometheusSpec.serviceMonitorSelectorNilUsesHelmValues"
          + value = "false"
            # (1 unchanged attribute hidden)
        }
    }

Plan: 1 to add, 0 to change, 0 to destroy.

─────────────────────────────────────────────────────────────────────────────

Note: You didn't use the -out option to save this plan, so Terraform can't
guarantee to take exactly these actions if you run "terraform apply" now.
