
Interrupt received.
Please wait for Terraform to exit or data loss may occur.
Gracefully shutting down...

Stopping operation...
module.eks.data.aws_iam_policy_document.assume_role_policy[0]: Reading...
module.eks.module.eks_managed_node_group["my_node_group"].data.aws_iam_policy_document.assume_role_policy[0]: Reading...
data.aws_availability_zones.available: Reading...
module.eks.data.aws_partition.current[0]: Reading...
module.eks.data.aws_caller_identity.current[0]: Reading...
module.vpc.aws_vpc.this[0]: Refreshing state... [id=vpc-09ae3a824d544e7da]

Planning failed. Terraform encountered an error while generating this plan.


Warning: Deprecated attribute

  on .terraform\modules\vpc\vpc-flow-logs.tf line 28, in locals:
  28:     "arn:${data.aws_partition.current[0].partition}:logs:${data.aws_region.current[0].name}:${data.aws_caller_identity.current[0].account_id}:log-group:${log_group.name}:*"

The attribute "name" is deprecated. Refer to the provider documentation for
details.

Error: execution halted


Error: execution halted


Error: execution halted


Error: execution halted


Error: execution halted


Error: execution halted

